<?xml version="1.0" encoding="UTF-8"?>
<!-- Generated by org.testng.reporters.JUnitReportReporter -->
<testsuite skipped="0" hostname="CYLAP004" name="com.sample.flipkartautomation.run.TestRunner" tests="1" failures="0" timestamp="31 Jul 2020 16:47:35 GMT" time="39.486" errors="0">
  <testcase name="launch" time="39.486" classname="com.sample.flipkartautomation.run.TestRunner"/>
</testsuite> <!-- com.sample.flipkartautomation.run.TestRunner -->
